<?xml version="1.0" encoding="UTF-8"?>
<!-- Generated by org.testng.reporters.JUnitXMLReporter -->
<testsuite ignored="1" hostname="DESKTOP-EJEPVVN" failures="0" tests="1" name="Default test" time="16.269" errors="0" timestamp="2024-07-20T10:42:37 IST">
  <testcase classname="Test.googleTest" name="verifyIfUserIsAbleToEnterEmailId" time="6.129"/>
  <testcase classname="Test.googleTest" name="openApplication" time="0.0">
    <ignored/>
  </testcase> <!-- openApplication -->
</testsuite> <!-- Default test -->
