<?xml version="1.0" encoding="UTF-8"?>
<testng-results ignored="0" total="1" passed="1" failed="0" skipped="0">
  <reporter-output>
  </reporter-output>
  <suite started-at="2024-07-20T10:42:20 IST" name="Default suite" finished-at="2024-07-20T10:42:37 IST" duration-ms="16269">
    <groups>
    </groups>
    <test started-at="2024-07-20T10:42:20 IST" name="Default test" finished-at="2024-07-20T10:42:37 IST" duration-ms="16269">
      <class name="Test.googleTest">
        <test-method is-config="true" signature="openApplication()[pri:0, instance:Test.googleTest@397fbdb]" started-at="2024-07-20T10:42:21 IST" name="openApplication" finished-at="2024-07-20T10:42:31 IST" duration-ms="10048" status="PASS">
          <reporter-output>
          </reporter-output>
        </test-method> <!-- openApplication -->
        <test-method signature="verifyIfUserIsAbleToEnterEmailId()[pri:0, instance:Test.googleTest@397fbdb]" started-at="2024-07-20T10:42:31 IST" name="verifyIfUserIsAbleToEnterEmailId" finished-at="2024-07-20T10:42:37 IST" duration-ms="6129" status="PASS">
          <reporter-output>
          </reporter-output>
        </test-method> <!-- verifyIfUserIsAbleToEnterEmailId -->
      </class> <!-- Test.googleTest -->
    </test> <!-- Default test -->
  </suite> <!-- Default suite -->
</testng-results>
